<?xml version="1.0" encoding="UTF-8"?>
<!-- Generated by org.testng.reporters.JUnitReportReporter -->
<testsuite skipped="1" hostname="LP-5CG0471KR9" name="com.usecase1.hcl.Test1" tests="3" failures="0" timestamp="07 Aug 2023 05:55:42 GMT" time="15.287" errors="0">
  <testcase name="useCase1_countLinks_nameOfTheLinks" time="8.570" classname="com.usecase1.hcl.Test1"/>
  <testcase name="dataEntry_ContactUS" time="6.717" classname="com.usecase1.hcl.Test1"/>
  <testcase name="useCase1_contactUsPage" classname="com.usecase1.hcl.Test1">
    <skipped/>
  </testcase> <!-- useCase1_contactUsPage -->
</testsuite> <!-- com.usecase1.hcl.Test1 -->
