<?xml version="1.0" encoding="UTF-8"?>
<!-- Generated by org.testng.reporters.JUnitReportReporter -->
<testsuite skipped="0" hostname="LP-5CG0471KR9" name="com.usecase1.hcl.UseCase1" tests="2" failures="0" timestamp="05 Aug 2023 16:19:17 GMT" time="0.034" errors="0">
  <testcase name="checkTest1" time="0.002" classname="com.usecase1.hcl.UseCase1"/>
  <testcase name="checkTest" time="0.032" classname="com.usecase1.hcl.UseCase1"/>
</testsuite> <!-- com.usecase1.hcl.UseCase1 -->
